<?xml version="1.0" encoding="UTF-8"?>
<!-- Generated by org.testng.reporters.JUnitReportReporter -->
<testsuite hostname="DESKTOP-D595GEN" failures="0" tests="1" name="TestScript.CreateCustomerAndProjectTest" time="1.536" errors="0" timestamp="20 Jun 2024 17:40:24 GMT" skipped="0">
  <testcase classname="TestScript.CreateCustomerAndProjectTest" name="createCustomerAndProject" time="1.536"/>
</testsuite> <!-- TestScript.CreateCustomerAndProjectTest -->
