<?xml version="1.0" encoding="UTF-8"?>
<!-- Generated by org.testng.reporters.JUnitReportReporter -->
<testsuite hostname="DESKTOP-D595GEN" failures="0" tests="3" name="TestScript.ValidLoginTest" time="2.607" errors="0" timestamp="26 Jun 2024 16:15:00 GMT" skipped="0">
  <testcase classname="TestScript.ValidLoginTest" name="login" time="0.286"/>
  <testcase classname="TestScript.ValidLoginTest" name="login" time="0.786"/>
  <testcase classname="TestScript.ValidLoginTest" name="login" time="1.535"/>
</testsuite> <!-- TestScript.ValidLoginTest -->
