<?xml version="1.0" encoding="UTF-8"?>
<!-- Generated by org.testng.reporters.JUnitReportReporter -->
<testsuite hostname="DESKTOP-D595GEN" failures="0" tests="1" name="TestScript.InvalidLoginTest" time="0.997" errors="0" timestamp="20 Jun 2024 17:40:24 GMT" skipped="0">
  <testcase classname="TestScript.InvalidLoginTest" name="invalidLogin" time="0.997"/>
</testsuite> <!-- TestScript.InvalidLoginTest -->
