<?xml version="1.0" encoding="UTF-8"?>
<!-- Generated by org.testng.reporters.JUnitReportReporter -->
<testsuite hostname="DESKTOP-D595GEN" failures="0" tests="5" name="DataProvider.workingwithDataProvider" time="6.461" errors="0" timestamp="20 Jun 2024 17:20:44 GMT" skipped="0">
  <testcase classname="DataProvider.workingwithDataProvider" name="loginWithDataProvider" time="1.204"/>
  <testcase classname="DataProvider.workingwithDataProvider" name="loginWithDataProvider" time="1.625"/>
  <testcase classname="DataProvider.workingwithDataProvider" name="loginWithDataProvider" time="1.208"/>
  <testcase classname="DataProvider.workingwithDataProvider" name="loginWithDataProvider" time="1.208"/>
  <testcase classname="DataProvider.workingwithDataProvider" name="loginWithDataProvider" time="1.216"/>
</testsuite> <!-- DataProvider.workingwithDataProvider -->
