<?xml version="1.0" encoding="UTF-8"?>
<!-- Generated by org.testng.reporters.JUnitReportReporter -->
<testsuite hostname="DESKTOP-D595GEN" failures="0" tests="1" name="TestScript.DeleteAllProjectAndCustomerTest" time="0.926" errors="0" timestamp="20 Jun 2024 17:40:24 GMT" skipped="0">
  <testcase classname="TestScript.DeleteAllProjectAndCustomerTest" name="deleteCustomerAndProject" time="0.926"/>
</testsuite> <!-- TestScript.DeleteAllProjectAndCustomerTest -->
